Arguments: 
  D:\Software\nodejs\node.exe D:\Software\yarn\bin\yarn.js add app1.js

PATH: 
  D:\Software\cmder\vendor\git-for-windows\mingw64\bin;D:\Software\cmder\vendor\git-for-windows\usr\bin;C:\Users\Administrator\bin;C:\Windows\system32;C:\Windows;C:\Windows\System32\Wbem;C:\Windows\System32\WindowsPowerShell\v1.0;C:\Program Files (x86)\ATI Technologies\ATI.ACE\Core-Static;D:\Software\nodejs;D:\Software\yarn\bin;D:\Software\hugo;C:\Users\Administrator\AppData\Local\Microsoft\WindowsApps;C:\Users\Administrator\AppData\Local\Programs\Microsoft VS Code\bin;C:\Users\Administrator\AppData\Roaming\npm;C:\Users\Administrator\AppData\Local\Yarn\bin

Yarn version: 
  1.22.1

Node version: 
  8.17.0

Platform: 
  win32 x64

Trace: 
  Error: https://registry.npm.taobao.org/app1.js: Not found
      at Request.params.callback [as _callback] (D:\Software\yarn\lib\cli.js:66091:18)
      at Request.self.callback (D:\Software\yarn\lib\cli.js:140743:22)
      at emitTwo (events.js:126:13)
      at Request.emit (events.js:214:7)
      at Request.<anonymous> (D:\Software\yarn\lib\cli.js:141715:10)
      at emitOne (events.js:116:13)
      at Request.emit (events.js:211:7)
      at IncomingMessage.<anonymous> (D:\Software\yarn\lib\cli.js:141637:12)
      at Object.onceWrapper (events.js:313:30)
      at emitNone (events.js:111:20)

npm manifest: 
  {
    "name": "MVC",
    "version": "1.0.0",
    "main": "index.js",
    "license": "MIT",
    "dependencies": {
      "4": "^0.0.0",
      "jquery": "^3.5.0"
    }
  }

yarn manifest: 
  No manifest

Lockfile: 
  # THIS IS AN AUTOGENERATED FILE. DO NOT EDIT THIS FILE DIRECTLY.
  # yarn lockfile v1
  
  
  "4@^0.0.0":
    version "0.0.0"
    resolved "https://registry.npm.taobao.org/4/download/4-0.0.0.tgz#75db45fe825f28b1ad7846f8e4a4bf3db4df4a94"
    integrity sha1-ddtF/oJfKLGteEb45KS/PbTfSpQ=
  
  jquery@^3.5.0:
    version "3.5.0"
    resolved "https://registry.npm.taobao.org/jquery/download/jquery-3.5.0.tgz#9980b97d9e4194611c36530e7dc46a58d7340fc9"
    integrity sha1-mYC5fZ5BlGEcNlMOfcRqWNc0D8k=
